<?xml version="1.0" encoding="UTF-8"?>
<testng-results ignored="0" total="2" passed="2" failed="0" skipped="0">
  <reporter-output>
  </reporter-output>
  <suite started-at="2021-03-09T18:17:15 PST" name="Default suite" finished-at="2021-03-09T18:17:19 PST" duration-ms="3818">
    <groups>
    </groups>
    <test started-at="2021-03-09T18:17:15 PST" name="Default test" finished-at="2021-03-09T18:17:19 PST" duration-ms="3818">
      <class name="com.amazon.api.tests.TestGetEmployee_Examples">
        <test-method is-config="true" signature="URL()[pri:0, instance:com.amazon.api.tests.TestGetEmployee_Examples@5f20155b]" started-at="2021-03-09T18:17:15 PST" name="URL" finished-at="2021-03-09T18:17:16 PST" duration-ms="623" status="PASS">
          <reporter-output>
          </reporter-output>
        </test-method> <!-- URL -->
        <test-method signature="getStatusCodeForAllEmployees()[pri:0, instance:com.amazon.api.tests.TestGetEmployee_Examples@5f20155b]" started-at="2021-03-09T18:17:16 PST" name="getStatusCodeForAllEmployees" finished-at="2021-03-09T18:17:18 PST" duration-ms="2129" status="PASS">
          <reporter-output>
          </reporter-output>
        </test-method> <!-- getStatusCodeForAllEmployees -->
        <test-method signature="getStatusCodeForSingleEmployee()[pri:0, instance:com.amazon.api.tests.TestGetEmployee_Examples@5f20155b]" started-at="2021-03-09T18:17:18 PST" name="getStatusCodeForSingleEmployee" finished-at="2021-03-09T18:17:19 PST" duration-ms="979" status="PASS">
          <reporter-output>
          </reporter-output>
        </test-method> <!-- getStatusCodeForSingleEmployee -->
      </class> <!-- com.amazon.api.tests.TestGetEmployee_Examples -->
    </test> <!-- Default test -->
  </suite> <!-- Default suite -->
</testng-results>
