<?xml version="1.0" encoding="UTF-8"?>
<!-- Generated by org.testng.reporters.JUnitXMLReporter -->
<testsuite ignored="0" hostname="VPESARUs-MBP.hsd1.or.comcast.net" failures="0" tests="2" name="Default test" time="3.818" errors="0" timestamp="2021-03-09T18:17:19 PST">
  <testcase classname="com.amazon.api.tests.TestGetEmployee_Examples" name="getStatusCodeForAllEmployees" time="2.129"/>
  <testcase classname="com.amazon.api.tests.TestGetEmployee_Examples" name="getStatusCodeForSingleEmployee" time="0.979"/>
</testsuite> <!-- Default test -->
